[0mGET / [32m200 [0m3.857 ms - 16[0m
[0mGET / [32m200 [0m3.119 ms - 16[0m
[0mGET / [32m200 [0m7.419 ms - 16[0m
[0mGET / [32m200 [0m3.671 ms - 16[0m
[0mGET / [32m200 [0m4.211 ms - 16[0m
[0mGET / [32m200 [0m3.902 ms - 2[0m
[0mGET / [32m200 [0m4.555 ms - 2[0m
[0mGET / [32m200 [0m9.313 ms - 2[0m
[0mGET /?q=mug [32m200 [0m2.684 ms - 2[0m
[0mGET /?q=mug [32m200 [0m9.779 ms - 1240[0m
[0mGET /?q=mug [32m200 [0m5.653 ms - 1240[0m
[0mGET /?q=mug [32m200 [0m6.333 ms - 1240[0m
[0mGET /?q=mug [32m200 [0m3.815 ms - 1240[0m
[0mGET /?q=mug [32m200 [0m3.583 ms - 1240[0m
[0mGET /?q=mug [32m200 [0m5.373 ms - 1240[0m
[0mGET /?q=mug [32m200 [0m4.383 ms - 1240[0m
[0mGET /?q=mug [32m200 [0m3.927 ms - 1240[0m
[0mGET /?q=mug [32m200 [0m4.383 ms - 1240[0m
[0mGET /?q=mug [32m200 [0m53.648 ms - 1240[0m
[0mGET /?q=mug [32m200 [0m13.224 ms - 2[0m
[0mGET /?q=mug [32m200 [0m45.551 ms - 3829[0m
[0mGET /?q=occaecati [32m200 [0m7.137 ms - 399[0m
[0mGET /?q=mug [32m200 [0m13.783 ms - 3829[0m
[0mGET /?q=occaecati [32m200 [0m9.499 ms - 399[0m
[0mGET /?channel=US_WEB&q=mu [32m200 [0m17.291 ms - 3839[0m
[0mGET /?q=occaecati&channel=US_WEB [32m200 [0m16.175 ms - 2[0m
[0mGET /?q=occaecati&channel=US_WEB [32m200 [0m14.270 ms - 2[0m
[0mGET /?q=occaecati&channel=US_WEB [32m200 [0m10.972 ms - 399[0m
[0mGET /?q=occaecati&channel=US_WEB [32m200 [0m15.337 ms - 2[0m
[0mGET /?q=occaecati&channel=US_WEB [32m200 [0m15.743 ms - 2[0m
[0mGET /?q=occaecati&channel=US_WEB [32m200 [0m15.214 ms - 2[0m
[0mGET /?q=occaecati&channel=US_WEB [32m200 [0m9.344 ms - 2[0m
[0mGET /?q=occaecati&channel=US_WEB [32m200 [0m13.510 ms - 399[0m
[0mGET /?q=occaecati&channel=US_WEB [32m200 [0m9.177 ms - 2[0m
[0mGET /?q=occaecati&channel=US_WEB [32m200 [0m16.451 ms - 399[0m
[0mGET /?q=occaecati&channel=US_WEB [32m200 [0m13.488 ms - 2[0m
[0mGET /?q=occaecati&channel=US_WEB [32m200 [0m4.610 ms - 2[0m
[0mGET /?q=occaecati&channel=US_WEB [32m200 [0m3.969 ms - 2[0m
[0mGET /?q=occaecati&channel=US_WEB [32m200 [0m10.668 ms - 2[0m
[0mGET /?q=occaecati&channel=US_WEB [32m200 [0m9.601 ms - 2[0m
[0mGET /?q=occaecati&channel=US_WEB [32m200 [0m10.434 ms - 2[0m
[0mGET /?q=occaecati&channel=US_WEB [32m200 [0m27.046 ms - 2[0m
[0mGET /?q=occaecati&channel=US_WEB [32m200 [0m19.348 ms - 2[0m
[0mGET /?q=occaecati&channel=US_WEB [32m200 [0m12.299 ms - 2[0m
[0mGET /?q=occaecati&channel=US_WEB [32m200 [0m11.848 ms - 15[0m
[0mGET /?q=occaecati&channel=US_WEB [32m200 [0m4.363 ms - 15[0m
[0mGET /?q=occaecati&channel=US_WEB [32m200 [0m13.032 ms - 399[0m
[0mGET /?q=occaecati&channel=US_WEB [32m200 [0m31.959 ms - 407[0m
[0mGET /?q=mug&channel=US_WEB [32m200 [0m7.359 ms - 3911[0m
[0mGET /?q=mug&channel=US_WEB [32m200 [0m12.643 ms - 3909[0m
[0mGET /?q=mug&channel=US_WEB [32m200 [0m16.653 ms - 3911[0m
[0mGET /?q=mug&channel=US_WEB [32m200 [0m11.413 ms - 3909[0m
[0mGET /?q=mug&channel=US_WEB [32m200 [0m21.335 ms - 2[0m
[0mGET /?q=mug&channel=US_WEB [32m200 [0m6.050 ms - 2[0m
[0mGET /?q=mug&channel=US_WEB [32m200 [0m11.484 ms - 15[0m
[0mGET /?q=mug&channel=US_WEB [32m200 [0m11.614 ms - 15[0m
[0mGET /?q=mug&channel=US_WEB [32m200 [0m11.737 ms - 15[0m
[0mGET /?q=mug&channel=US_WEB [32m200 [0m12.452 ms - 15[0m
[0mGET /?q=mug&channel=US_WEB [32m200 [0m11.207 ms - 15[0m
[0mGET /?q=mug&channel=US_WEB [32m200 [0m11.472 ms - 3839[0m
[0mGET /?q=mug&channel=US_WEB [32m200 [0m15.347 ms - 3839[0m
[0mGET /?q=libero&channel=US_WEB [32m200 [0m5.731 ms - 397[0m
[0mGET /?channel=US_WEB&q=mu [32m200 [0m10.865 ms - 15[0m
[0mGET /?channel=US_WEB&q=dd [32m200 [0m5.533 ms - 15[0m
[0mGET /?channel=US_WEB&q=mu [32m200 [0m3.695 ms - 15[0m
[0mGET /?channel=US_WEB&q=mug [32m200 [0m12.436 ms - 3839[0m
[0mGET /?channel=US_WEB&q=mu [32m200 [0m4.417 ms - 15[0m
[0mGET /?q=mug&channel=US_WEB [32m200 [0m10.756 ms - 3839[0m
[0mGET /?channel=US_WEB&q=mu [32m200 [0m3.499 ms - 15[0m
[0mGET /?channel=US_WEB&q=mug [32m200 [0m4.454 ms - 3839[0m
[0mGET /?channel=US_WEB&q=mug [32m200 [0m9.147 ms - 3839[0m
[0mGET /?channel=US_WEB&q=mug [32m200 [0m6.431 ms - 3839[0m
[0mOPTIONS /?channel=US_WEB&q=mu [32m204 [0m0.718 ms - 0[0m
[0mGET /?channel=US_WEB&q=mu [32m200 [0m8.264 ms - 15[0m
[0mOPTIONS /?channel=US_WEB&q=mug [32m204 [0m0.103 ms - 0[0m
[0mGET /?channel=US_WEB&q=mug [32m200 [0m5.918 ms - 3839[0m
[0mOPTIONS /?channel=US_WEB&q=mugg [32m204 [0m0.087 ms - 0[0m
[0mGET /?channel=US_WEB&q=mugg [32m200 [0m6.572 ms - 15[0m
[0mOPTIONS /?channel=US_WEB&q=mug [32m204 [0m0.237 ms - 0[0m
[0mGET /?channel=US_WEB&q=mug [32m200 [0m13.639 ms - 3839[0m
[0mOPTIONS /?channel=US_WEB&q=mugd [32m204 [0m0.148 ms - 0[0m
[0mGET /?channel=US_WEB&q=mugd [32m200 [0m11.074 ms - 15[0m
[0mOPTIONS /?channel=US_WEB&q=mug [32m204 [0m0.155 ms - 0[0m
[0mGET /?channel=US_WEB&q=mug [32m200 [0m13.979 ms - 3839[0m
[0mOPTIONS /?channel=US_WEB&q=mu [32m204 [0m0.080 ms - 0[0m
[0mGET /?channel=US_WEB&q=mu [32m200 [0m9.357 ms - 15[0m
[0mOPTIONS /?channel=US_WEB&q=mug [32m204 [0m0.073 ms - 0[0m
[0mGET /?channel=US_WEB&q=mug [32m200 [0m9.195 ms - 3839[0m
[0mOPTIONS /?channel=US_WEB&q=mu [32m204 [0m0.086 ms - 0[0m
[0mGET /?channel=US_WEB&q=mu [32m200 [0m4.284 ms - 15[0m
[0mOPTIONS /?channel=US_WEB&q=mug [32m204 [0m0.085 ms - 0[0m
[0mGET /?channel=US_WEB&q=mug [32m200 [0m10.836 ms - 3839[0m
[0mOPTIONS /?channel=US_WEB&q=mud [32m204 [0m0.061 ms - 0[0m
[0mGET /?channel=US_WEB&q=mud [32m200 [0m8.187 ms - 15[0m
[0mOPTIONS /?channel=US_WEB&q=mu [32m204 [0m0.092 ms - 0[0m
[0mGET /?channel=US_WEB&q=mu [32m200 [0m3.583 ms - 15[0m
[0mOPTIONS /?channel=US_WEB&q=mug [32m204 [0m0.096 ms - 0[0m
[0mGET /?channel=US_WEB&q=mug [32m200 [0m9.145 ms - 3839[0m
[0mOPTIONS /?channel=US_WEB&q=mug [32m204 [0m0.236 ms - 0[0m
[0mGET /?channel=US_WEB&q=mug [32m200 [0m11.233 ms - 3839[0m
[0mOPTIONS /?channel=US_WEB&q=mu [32m204 [0m0.124 ms - 0[0m
[0mGET /?channel=US_WEB&q=mu [32m200 [0m6.361 ms - 15[0m
[0mOPTIONS /?channel=US_WEB&q=mug [32m204 [0m0.073 ms - 0[0m
[0mGET /?channel=US_WEB&q=mug [32m200 [0m8.731 ms - 3839[0m
[0mOPTIONS /?channel=US_WEB&q=mug [32m204 [0m0.086 ms - 0[0m
[0mGET /?channel=US_WEB&q=mug [32m200 [0m7.676 ms - 3839[0m
[0mOPTIONS /?channel=US_WEB&q=mu [32m204 [0m0.108 ms - 0[0m
[0mGET /?channel=US_WEB&q=mu [32m200 [0m8.163 ms - 15[0m
[0mOPTIONS /?channel=US_WEB&q=mug [32m204 [0m0.177 ms - 0[0m
[0mGET /?channel=US_WEB&q=mug [32m200 [0m7.249 ms - 3839[0m
[0mOPTIONS /?channel=US_WEB&q=libero [32m204 [0m0.112 ms - 0[0m
[0mGET /?channel=US_WEB&q=libero [32m200 [0m7.820 ms - 397[0m
[0mOPTIONS /?channel=US_WEB&q=m [32m204 [0m1.152 ms - 0[0m
[0mGET /?channel=US_WEB&q=m [32m200 [0m222.386 ms - 15[0m
[0mOPTIONS /?channel=US_WEB&q=mug [32m204 [0m0.125 ms - 0[0m
[0mGET /?channel=US_WEB&q=mug [32m200 [0m20.894 ms - 3839[0m
[0mOPTIONS /?channel=US_WEB&q=m [32m204 [0m0.090 ms - 0[0m
[0mGET /?channel=US_WEB&q=m [32m200 [0m4.970 ms - 15[0m
[0mOPTIONS /?channel=US_WEB&q=mi [32m204 [0m0.070 ms - 0[0m
[0mGET /?channel=US_WEB&q=mi [32m200 [0m4.828 ms - 15[0m
[0mOPTIONS /?channel=US_WEB&q=min [32m204 [0m0.063 ms - 0[0m
[0mGET /?channel=US_WEB&q=min [32m200 [0m4.813 ms - 15[0m
[0mOPTIONS /?channel=US_WEB&q=mini [32m204 [0m0.067 ms - 0[0m
[0mGET /?channel=US_WEB&q=mini [32m200 [0m6.381 ms - 15[0m
[0mOPTIONS /?channel=US_WEB&q=m [32m204 [0m0.086 ms - 0[0m
[0mGET /?channel=US_WEB&q=m [32m200 [0m3.812 ms - 15[0m
[0mOPTIONS /?channel=US_WEB&q=mug [32m204 [0m0.062 ms - 0[0m
[0mGET /?channel=US_WEB&q=mug [32m200 [0m6.250 ms - 3839[0m
[0mOPTIONS /?channel=US_WEB&q=m [32m204 [0m0.066 ms - 0[0m
[0mGET /?channel=US_WEB&q=m [32m200 [0m3.588 ms - 15[0m
[0mOPTIONS /?channel=US_WEB&q=mini [32m204 [0m0.065 ms - 0[0m
[0mGET /?channel=US_WEB&q=mini [32m200 [0m4.988 ms - 15[0m
[0mOPTIONS /?channel=US_WEB&q=minima [32m204 [0m0.092 ms - 0[0m
[0mGET /?channel=US_WEB&q=minima [32m200 [0m4.244 ms - 397[0m
[0mOPTIONS /?channel=US_WEB&q=minim [32m204 [0m0.095 ms - 0[0m
[0mGET /?channel=US_WEB&q=minim [32m200 [0m3.897 ms - 15[0m
[0mOPTIONS /?channel=US_WEB&q=mi [32m204 [0m0.069 ms - 0[0m
[0mGET /?channel=US_WEB&q=mi [32m200 [0m3.870 ms - 15[0m
[0mOPTIONS /?channel=US_WEB&q=mug [32m204 [0m0.095 ms - 0[0m
[0mGET /?channel=US_WEB&q=mug [32m200 [0m5.512 ms - 3839[0m
[0mOPTIONS /?channel=US_WEB&q=libero [32m204 [0m0.062 ms - 0[0m
[0mGET /?channel=US_WEB&q=libero [32m200 [0m4.831 ms - 397[0m
[0mOPTIONS /?channel=US_WEB&q=liberoa [32m204 [0m0.063 ms - 0[0m
[0mGET /?channel=US_WEB&q=liberoa [32m200 [0m4.940 ms - 15[0m
[0mOPTIONS /?channel=US_WEB&q=mug [32m204 [0m0.063 ms - 0[0m
[0mGET /?channel=US_WEB&q=mug [32m200 [0m5.103 ms - 3839[0m
[0mOPTIONS /?channel=US_WEB&q=mug [32m204 [0m1.322 ms - 0[0m
[0mGET /?channel=US_WEB&q=mug [32m200 [0m90.518 ms - 3839[0m
[0mOPTIONS /?channel=US_WEB&q=m [32m204 [0m0.154 ms - 0[0m
[0mGET /?channel=US_WEB&q=m [32m200 [0m14.615 ms - 15[0m
[0mOPTIONS /?channel=US_WEB&q=mug [32m204 [0m0.060 ms - 0[0m
[0mGET /?channel=US_WEB&q=mug [32m200 [0m23.513 ms - 3839[0m
[0mOPTIONS /?channel=US_WEB&q=mu [32m204 [0m0.091 ms - 0[0m
[0mGET /?channel=US_WEB&q=mu [32m200 [0m5.640 ms - 15[0m
[0mOPTIONS /?channel=US_WEB&q=mug [32m204 [0m0.063 ms - 0[0m
[0mGET /?channel=US_WEB&q=mug [32m200 [0m8.899 ms - 3839[0m
[0mOPTIONS /?channel=US_WEB&q=mu [32m204 [0m0.083 ms - 0[0m
[0mGET /?channel=US_WEB&q=mu [32m200 [0m5.924 ms - 15[0m
[0mOPTIONS /?channel=US_WEB&q=m [32m204 [0m0.170 ms - 0[0m
[0mGET /?channel=US_WEB&q=m [32m200 [0m4.752 ms - 15[0m
[0mOPTIONS /?channel=US_WEB&q=mug [32m204 [0m0.079 ms - 0[0m
[0mGET /?channel=US_WEB&q=mug [32m200 [0m6.403 ms - 3839[0m
[0mOPTIONS /?channel=US_WEB&q=mu [32m204 [0m0.070 ms - 0[0m
[0mGET /?channel=US_WEB&q=mu [32m200 [0m4.484 ms - 15[0m
[0mOPTIONS /?channel=US_WEB&q=liber [32m204 [0m0.104 ms - 0[0m
[0mGET /?channel=US_WEB&q=liber [32m200 [0m3.757 ms - 15[0m
[0mOPTIONS /?channel=US_WEB&q=mug [32m204 [0m0.065 ms - 0[0m
[0mGET /?channel=US_WEB&q=mug [32m200 [0m5.492 ms - 3839[0m
[0mOPTIONS /?channel=US_WEB&q=occ [32m204 [0m0.066 ms - 0[0m
[0mGET /?channel=US_WEB&q=occ [32m200 [0m4.446 ms - 15[0m
[0mOPTIONS /?channel=US_WEB&q=occa [32m204 [0m0.064 ms - 0[0m
[0mGET /?channel=US_WEB&q=occa [32m200 [0m5.317 ms - 15[0m
[0mOPTIONS /?channel=US_WEB&q=occae [32m204 [0m0.074 ms - 0[0m
[0mGET /?channel=US_WEB&q=occae [32m200 [0m4.395 ms - 15[0m
[0mOPTIONS /?channel=US_WEB&q=mug [32m204 [0m0.067 ms - 0[0m
[0mGET /?channel=US_WEB&q=mug [32m200 [0m4.899 ms - 3839[0m
[0mOPTIONS /?channel=US_WEB&q=quia [32m204 [0m0.072 ms - 0[0m
[0mGET /?channel=US_WEB&q=quia [32m200 [0m4.536 ms - 395[0m
[0mOPTIONS /?channel=US_WEB&q=qui [32m204 [0m0.087 ms - 0[0m
[0mGET /?channel=US_WEB&q=qui [32m200 [0m5.570 ms - 502[0m
[0mOPTIONS /?channel=US_WEB&q=quia [32m204 [0m0.067 ms - 0[0m
[0mGET /?channel=US_WEB&q=quia [32m200 [0m3.764 ms - 395[0m
[0mOPTIONS /?channel=US_WEB&q=qui [32m204 [0m0.083 ms - 0[0m
[0mGET /?channel=US_WEB&q=qui [32m200 [0m5.373 ms - 502[0m
[0mOPTIONS /?channel=US_WEB&q=q [32m204 [0m0.065 ms - 0[0m
[0mGET /?channel=US_WEB&q=q [32m200 [0m3.811 ms - 15[0m
[0mOPTIONS /?channel=US_WEB&q=mug [32m204 [0m0.068 ms - 0[0m
[0mGET /?channel=US_WEB&q=mug [32m200 [0m5.098 ms - 3839[0m
[0mOPTIONS /?channel=US_WEB&q=est [32m204 [0m0.062 ms - 0[0m
[0mGET /?channel=US_WEB&q=est [32m200 [0m4.767 ms - 882[0m
[0mOPTIONS /?channel=US_WEB&q=ddddd [32m204 [0m0.088 ms - 0[0m
[0mGET /?channel=US_WEB&q=ddddd [32m200 [0m3.500 ms - 15[0m
[0mOPTIONS /?channel=US_WEB&q=mug [32m204 [0m0.069 ms - 0[0m
[0mGET /?channel=US_WEB&q=mug [32m200 [0m6.921 ms - 3839[0m
[0mOPTIONS /?channel=US_WEB&q=mug [32m204 [0m0.160 ms - 0[0m
[0mGET /?channel=US_WEB&q=mug [32m200 [0m6.098 ms - 3839[0m
[0mOPTIONS /?channel=US_WEB&q=mug [32m204 [0m0.151 ms - 0[0m
[0mGET /?channel=US_WEB&q=mug [32m200 [0m5.396 ms - 3839[0m
[0mOPTIONS /?channel=US_WEB&q=mug [32m204 [0m0.112 ms - 0[0m
[0mGET /?channel=US_WEB&q=mug [32m200 [0m8.124 ms - 3839[0m
[0mOPTIONS /?channel=US_WEB&q=mug [32m204 [0m0.166 ms - 0[0m
[0mGET /?channel=US_WEB&q=mug [32m200 [0m8.018 ms - 3839[0m
[0mOPTIONS /?channel=US_WEB&q=d [32m204 [0m0.068 ms - 0[0m
[0mGET /?channel=US_WEB&q=d [32m200 [0m4.776 ms - 15[0m
[0mOPTIONS /?channel=US_WEB&q=mug [32m204 [0m0.071 ms - 0[0m
[0mGET /?channel=US_WEB&q=mug [32m200 [0m7.112 ms - 3839[0m
[0mOPTIONS /?channel=US_WEB&q=mug [32m204 [0m0.082 ms - 0[0m
[0mGET /?channel=US_WEB&q=mug [32m200 [0m6.153 ms - 3839[0m
[0mOPTIONS /?channel=US_WEB&q=salut [32m204 [0m0.097 ms - 0[0m
[0mGET /?channel=US_WEB&q=salut [32m200 [0m6.628 ms - 15[0m
[0mOPTIONS /?channel=US_WEB&q=mug [32m204 [0m0.133 ms - 0[0m
[0mGET /?channel=US_WEB&q=mug [32m200 [0m5.185 ms - 3839[0m
[0mOPTIONS /?channel=US_WEB&q=mug [32m204 [0m0.186 ms - 0[0m
[0mGET /?channel=US_WEB&q=mug [32m200 [0m10.551 ms - 3839[0m
[0mOPTIONS /?channel=US_WEB&q=mug [32m204 [0m0.069 ms - 0[0m
[0mGET /?channel=US_WEB&q=mug [32m200 [0m7.855 ms - 3839[0m
[0mOPTIONS /?channel=US_WEB&q=mpug [32m204 [0m0.080 ms - 0[0m
[0mGET /?channel=US_WEB&q=mpug [32m200 [0m7.315 ms - 15[0m
[0mOPTIONS /?channel=US_WEB&q=m [32m204 [0m0.073 ms - 0[0m
[0mGET /?channel=US_WEB&q=m [32m200 [0m5.650 ms - 15[0m
[0mOPTIONS /?channel=US_WEB&q=mug [32m204 [0m0.173 ms - 0[0m
[0mGET /?channel=US_WEB&q=mug [32m200 [0m10.686 ms - 3839[0m
[0mOPTIONS /?channel=US_WEB&q=mug [32m204 [0m0.119 ms - 0[0m
[0mGET /?channel=US_WEB&q=mug [32m200 [0m7.698 ms - 3839[0m
[0mOPTIONS /?channel=US_WEB&q=mug [32m204 [0m0.068 ms - 0[0m
[0mGET /?channel=US_WEB&q=mug [32m200 [0m7.038 ms - 3839[0m
[0mOPTIONS /?channel=US_WEB&q=mug [32m204 [0m0.072 ms - 0[0m
[0mGET /?channel=US_WEB&q=mug [32m200 [0m5.871 ms - 3839[0m
[0mOPTIONS /?channel=US_WEB&q=mug [32m204 [0m0.066 ms - 0[0m
[0mGET /?channel=US_WEB&q=mug [32m200 [0m5.491 ms - 3839[0m
[0mOPTIONS /?channel=US_WEB&q=mug [32m204 [0m0.093 ms - 0[0m
[0mGET /?channel=US_WEB&q=mug [32m200 [0m6.411 ms - 3839[0m
[0mOPTIONS /?channel=US_WEB&q=mug [32m204 [0m0.064 ms - 0[0m
[0mGET /?channel=US_WEB&q=mug [32m200 [0m4.383 ms - 3839[0m
[0mOPTIONS /?channel=US_WEB&q=mug [32m204 [0m0.086 ms - 0[0m
[0mGET /?channel=US_WEB&q=mug [32m200 [0m7.083 ms - 3839[0m
[0mOPTIONS /?channel=US_WEB&q=mug [32m204 [0m0.067 ms - 0[0m
[0mGET /?channel=US_WEB&q=mug [32m200 [0m5.648 ms - 3839[0m
[0mOPTIONS /?channel=US_WEB&q=mug [32m204 [0m0.162 ms - 0[0m
[0mGET /?channel=US_WEB&q=mug [32m200 [0m14.214 ms - 3839[0m
[0mOPTIONS /?channel=US_WEB&q=mug [32m204 [0m0.070 ms - 0[0m
[0mGET /?channel=US_WEB&q=mug [32m200 [0m4.510 ms - 3839[0m
[0mOPTIONS /?channel=US_WEB&q=mug [32m204 [0m0.067 ms - 0[0m
[0mGET /?channel=US_WEB&q=mug [32m200 [0m6.722 ms - 3839[0m
[0mOPTIONS /?channel=US_WEB&q=mug [32m204 [0m0.073 ms - 0[0m
[0mGET /?channel=US_WEB&q=mug [32m200 [0m5.163 ms - 3839[0m
[0mOPTIONS /?channel=US_WEB&q=mug [32m204 [0m0.106 ms - 0[0m
[0mGET /?channel=US_WEB&q=mug [32m200 [0m6.268 ms - 3839[0m
[0mOPTIONS /?channel=US_WEB&q=mug [32m204 [0m0.063 ms - 0[0m
[0mGET /?channel=US_WEB&q=mug [32m200 [0m5.426 ms - 3839[0m
[0mGET /?q=mug&channel=US_WEB [32m200 [0m7.033 ms - 3839[0m
[0mGET /?q=mug&channel=US_WEB [32m200 [0m4.887 ms - 3839[0m
[0mGET /?q=mug&channel=US_WEB [32m200 [0m4.565 ms - 3839[0m
[0mGET /?q=mug&channel=US_WEB [32m200 [0m6.133 ms - 3839[0m
[0mGET /?q=mug&channel=US_WEB [32m200 [0m4.862 ms - 3839[0m
[0mGET /?q=mug&channel=US_WEB [32m200 [0m5.362 ms - 3839[0m
[0mGET /?q=mug&channel=US_WEB [32m200 [0m4.572 ms - 3839[0m
[0mGET /?q=mug&channel=US_WEB [32m200 [0m5.903 ms - 3839[0m
[0mGET /?q=mug&channel=US_WEB [32m200 [0m4.959 ms - 3839[0m
[0mGET /?q=mug&channel=US_WEB [32m200 [0m4.344 ms - 3839[0m
[0mGET /?q=mug&channel=US_WEB [32m200 [0m4.824 ms - 3839[0m
[0mGET /?q=mug&channel=US_WEB [32m200 [0m5.652 ms - 3839[0m
[0mGET /?q=libero&channel=US_WEB [32m200 [0m4.369 ms - 397[0m
[0mGET /?q=mug&channel=US_WEB [32m200 [0m9.825 ms - 3839[0m
[0mGET /?q=mug&channel=US_WEB [32m200 [0m6.850 ms - 3839[0m
[0mGET /?q=mug&channel=US_WEB [32m200 [0m5.615 ms - 3839[0m
[0mGET /?q=mug&channel=US_WEB [32m200 [0m5.159 ms - 3839[0m
[0mGET /?q=mug&channel=US_WEB [32m200 [0m14.148 ms - 3839[0m
[0mGET /?q=mug&channel=US_WEB [32m200 [0m14.810 ms - 5372[0m
[0mGET /?q=mug&channel=US_WEB [32m200 [0m13.959 ms - 3456[0m
[0mGET /?q=mug&channel=US_WEB [32m200 [0m8.002 ms - 3456[0m
[0mGET /?q=mug&channel=US_WEB [32m200 [0m12.055 ms - 2[0m
[0mGET /?q=mug&channel=US_WEB [32m200 [0m9.566 ms - 3443[0m
[0mGET /?q=mug&channel=US_WEB [33m404 [0m4.737 ms - 1333[0m
[0mGET /products/search?q=mug&channel=US_WEB [32m200 [0m7.897 ms - 3850[0m
[0mGET /products/search?q=mug&channel=US_WEB [32m200 [0m7.854 ms - 3850[0m
[0mGET /products/search?q=mug&channel=US_WEB [32m200 [0m7.663 ms - 3850[0m
[0mGET /products/search?q=mug&channel=US_WEB [32m200 [0m9.930 ms - 3861[0m
[0mGET /products/search?q=mug&channel=US_WEB&from=5&size=5 [32m200 [0m6.240 ms - 1943[0m
[0mGET /products/search?q=mug&channel=US_WEB&from=6&size=5 [32m200 [0m7.137 ms - 1944[0m
[0mGET /products/search?q=mug&channel=US_WEB&from=7&size=5 [32m200 [0m6.828 ms - 1949[0m
[0mGET /products/search?q=mug&channel=US_WEB&from=10&size=5 [32m200 [0m4.261 ms - 1568[0m
[0mOPTIONS /products/search?channel=US_WEB&q=mug&from=0&size=10 [32m204 [0m1.238 ms - 0[0m
[0mGET /products/search?channel=US_WEB&q=mug&from=0&size=10 [32m200 [0m7.278 ms - 3861[0m
[0mOPTIONS /products/search?channel=US_WEB&q=mug&from=0&size=10 [32m204 [0m0.190 ms - 0[0m
[0mGET /products/search?channel=US_WEB&q=mug&from=0&size=10 [32m200 [0m9.347 ms - 3861[0m
[0mOPTIONS /products/search?channel=US_WEB&q=mug&from=0&size=10 [32m204 [0m0.060 ms - 0[0m
[0mGET /products/search?channel=US_WEB&q=mug&from=0&size=10 [32m200 [0m11.425 ms - 3861[0m
[0mOPTIONS /products/search?channel=US_WEB&q=mug&from=0&size=10 [32m204 [0m0.073 ms - 0[0m
[0mGET /products/search?channel=US_WEB&q=mug&from=0&size=10 [32m200 [0m4.492 ms - 3861[0m
[0mOPTIONS /products/search?channel=US_WEB&q=mu&from=0&size=10 [32m204 [0m0.060 ms - 0[0m
[0mGET /products/search?channel=US_WEB&q=mu&from=0&size=10 [32m200 [0m3.542 ms - 35[0m
[0mOPTIONS /products/search?channel=US_WEB&q=mug&from=0&size=10 [32m204 [0m0.076 ms - 0[0m
[0mGET /products/search?channel=US_WEB&q=mug&from=0&size=10 [32m200 [0m3.386 ms - 3861[0m
[0mOPTIONS /products/search?channel=US_WEB&q=libero&from=0&size=10 [32m204 [0m0.100 ms - 0[0m
[0mGET /products/search?channel=US_WEB&q=libero&from=0&size=10 [32m200 [0m3.291 ms - 417[0m
[0mOPTIONS /products/search?channel=US_WEB&q=liber&from=0&size=10 [32m204 [0m0.064 ms - 0[0m
[0mGET /products/search?channel=US_WEB&q=liber&from=0&size=10 [32m200 [0m4.946 ms - 35[0m
[0mOPTIONS /products/search?channel=US_WEB&q=mug&from=0&size=10 [32m204 [0m0.069 ms - 0[0m
[0mGET /products/search?channel=US_WEB&q=mug&from=0&size=10 [32m200 [0m3.410 ms - 3861[0m
[0mOPTIONS /products/search?channel=US_WEB&q=mug&from=0&size=10 [32m204 [0m0.068 ms - 0[0m
[0mGET /products/search?channel=US_WEB&q=mug&from=0&size=10 [32m200 [0m5.670 ms - 3861[0m
[0mOPTIONS /products/search?channel=US_WEB&q=mug&from=0&size=10 [32m204 [0m0.076 ms - 0[0m
[0mGET /products/search?channel=US_WEB&q=mug&from=0&size=10 [32m200 [0m4.359 ms - 3861[0m
[0mOPTIONS /products/search?channel=US_WEB&q=mug&from=0&size=10 [32m204 [0m0.085 ms - 0[0m
[0mGET /products/search?channel=US_WEB&q=mug&from=0&size=10 [32m200 [0m7.576 ms - 3861[0m
[0mOPTIONS /products/search?channel=US_WEB&q=m&from=0&size=10 [32m204 [0m0.085 ms - 0[0m
[0mGET /products/search?channel=US_WEB&q=m&from=0&size=10 [32m200 [0m3.893 ms - 35[0m
[0mOPTIONS /products/search?channel=US_WEB&q=lo&from=0&size=10 [32m204 [0m0.108 ms - 0[0m
[0mGET /products/search?channel=US_WEB&q=lo&from=0&size=10 [32m200 [0m6.318 ms - 35[0m
[0mOPTIONS /products/search?channel=US_WEB&q=l&from=0&size=10 [32m204 [0m0.067 ms - 0[0m
[0mGET /products/search?channel=US_WEB&q=l&from=0&size=10 [32m200 [0m3.509 ms - 35[0m
[0mOPTIONS /products/search?channel=US_WEB&q=mug&from=0&size=10 [32m204 [0m0.074 ms - 0[0m
[0mGET /products/search?channel=US_WEB&q=mug&from=0&size=10 [32m200 [0m3.421 ms - 3861[0m
[0mOPTIONS /products/search?channel=US_WEB&q=libero&from=0&size=10 [32m204 [0m0.092 ms - 0[0m
[0mGET /products/search?channel=US_WEB&q=libero&from=0&size=10 [32m200 [0m2.876 ms - 417[0m
[0mOPTIONS /products/search?channel=US_WEB&q=liber&from=0&size=10 [32m204 [0m0.145 ms - 0[0m
[0mGET /products/search?channel=US_WEB&q=liber&from=0&size=10 [32m200 [0m4.194 ms - 35[0m
[0mOPTIONS /products/search?channel=US_WEB&q=mu&from=0&size=10 [32m204 [0m0.088 ms - 0[0m
[0mGET /products/search?channel=US_WEB&q=mu&from=0&size=10 [32m200 [0m2.849 ms - 35[0m
[0mOPTIONS /products/search?channel=US_WEB&q=mug&from=0&size=10 [32m204 [0m0.092 ms - 0[0m
[0mGET /products/search?channel=US_WEB&q=mug&from=0&size=10 [32m200 [0m3.361 ms - 3861[0m
[0mOPTIONS /products/search?channel=US_WEB&q=mug&from=0&size=10 [32m204 [0m0.089 ms - 0[0m
[0mGET /products/search?channel=US_WEB&q=mug&from=0&size=10 [32m200 [0m3.995 ms - 3861[0m
[0mOPTIONS /products/search?channel=US_WEB&q=mug&from=0&size=10 [32m204 [0m0.066 ms - 0[0m
[0mGET /products/search?channel=US_WEB&q=mug&from=0&size=10 [32m200 [0m5.139 ms - 3861[0m
[0mOPTIONS /products/search?channel=US_WEB&q=mug&from=0&size=10 [32m204 [0m0.065 ms - 0[0m
[0mGET /products/search?channel=US_WEB&q=mug&from=0&size=10 [32m200 [0m6.683 ms - 3861[0m
[0mOPTIONS /products/search?channel=US_WEB&q=mug&from=0&size=10 [32m204 [0m0.067 ms - 0[0m
[0mGET /products/search?channel=US_WEB&q=mug&from=0&size=10 [32m200 [0m4.332 ms - 3861[0m
[0mOPTIONS /products/search?channel=US_WEB&q=mug&from=0&size=10 [32m204 [0m0.066 ms - 0[0m
[0mGET /products/search?channel=US_WEB&q=mug&from=0&size=10 [32m200 [0m4.190 ms - 3861[0m
[0mOPTIONS /products/search?channel=US_WEB&q=mug&from=0&size=10 [32m204 [0m0.062 ms - 0[0m
[0mGET /products/search?channel=US_WEB&q=mug&from=0&size=10 [32m200 [0m4.338 ms - 3861[0m
[0mOPTIONS /products/search?channel=US_WEB&q=mug&from=0&size=10 [32m204 [0m0.061 ms - 0[0m
[0mGET /products/search?channel=US_WEB&q=mug&from=0&size=10 [32m200 [0m3.710 ms - 3861[0m
[0mOPTIONS /products/search?channel=US_WEB&q=mug&from=0&size=10 [32m204 [0m0.073 ms - 0[0m
[0mGET /products/search?channel=US_WEB&q=mug&from=0&size=10 [32m200 [0m3.358 ms - 3861[0m
[0mOPTIONS /products/search?channel=US_WEB&q=mug&from=0&size=10 [32m204 [0m0.096 ms - 0[0m
[0mGET /products/search?channel=US_WEB&q=mug&from=0&size=10 [32m200 [0m3.740 ms - 3861[0m
[0mOPTIONS /products/search?channel=US_WEB&q=mug&from=0&size=10 [32m204 [0m0.070 ms - 0[0m
[0mGET /products/search?channel=US_WEB&q=mug&from=0&size=10 [32m200 [0m4.531 ms - 3861[0m
[0mOPTIONS /products/search?channel=US_WEB&q=mug&from=0&size=10 [32m204 [0m0.060 ms - 0[0m
[0mGET /products/search?channel=US_WEB&q=mug&from=0&size=10 [32m200 [0m4.606 ms - 3861[0m
[0mOPTIONS /products/search?channel=US_WEB&q=mug&from=0&size=10 [32m204 [0m0.202 ms - 0[0m
[0mGET /products/search?channel=US_WEB&q=mug&from=0&size=10 [32m200 [0m6.474 ms - 3861[0m
[0mOPTIONS /products/search?channel=US_WEB&q=mug&from=0&size=10 [32m204 [0m0.123 ms - 0[0m
[0mGET /products/search?channel=US_WEB&q=mug&from=0&size=10 [32m200 [0m5.665 ms - 3861[0m
[0mOPTIONS /products/search?channel=US_WEB&q=m&from=0&size=10 [32m204 [0m0.119 ms - 0[0m
[0mGET /products/search?channel=US_WEB&q=m&from=0&size=10 [32m200 [0m8.912 ms - 35[0m
[0mOPTIONS /products/search?channel=US_WEB&q=mug&from=0&size=10 [32m204 [0m0.116 ms - 0[0m
[0mGET /products/search?channel=US_WEB&q=mug&from=0&size=10 [32m200 [0m6.094 ms - 3861[0m
[0mOPTIONS /products/search?channel=US_WEB&q=mug&from=0&size=10 [32m204 [0m0.096 ms - 0[0m
[0mGET /products/search?channel=US_WEB&q=mug&from=0&size=10 [32m200 [0m6.178 ms - 3861[0m
[0mOPTIONS /products/search?channel=US_WEB&q=mug&from=0&size=10 [32m204 [0m0.100 ms - 0[0m
[0mGET /products/search?channel=US_WEB&q=mug&from=0&size=10 [32m200 [0m6.411 ms - 3861[0m
[0mOPTIONS /products/search?channel=US_WEB&q=l&from=0&size=10 [32m204 [0m0.088 ms - 0[0m
[0mGET /products/search?channel=US_WEB&q=l&from=0&size=10 [32m200 [0m3.081 ms - 35[0m
[0mOPTIONS /products/search?channel=US_WEB&q=li&from=0&size=10 [32m204 [0m0.371 ms - 0[0m
[0mGET /products/search?channel=US_WEB&q=li&from=0&size=10 [32m200 [0m3.685 ms - 35[0m
[0mOPTIONS /products/search?channel=US_WEB&q=libero&from=0&size=10 [32m204 [0m0.200 ms - 0[0m
[0mGET /products/search?channel=US_WEB&q=libero&from=0&size=10 [32m200 [0m2.932 ms - 417[0m
[0mOPTIONS /products/search?channel=US_WEB&q=mug&from=0&size=10 [32m204 [0m0.244 ms - 0[0m
[0mGET /products/search?channel=US_WEB&q=mug&from=0&size=10 [32m200 [0m4.918 ms - 3861[0m
[0mOPTIONS /products/search?channel=US_WEB&q=libero&from=0&size=10 [32m204 [0m0.066 ms - 0[0m
[0mGET /products/search?channel=US_WEB&q=libero&from=0&size=10 [32m200 [0m3.124 ms - 417[0m
[0mOPTIONS /products/search?channel=US_WEB&q=mug&from=0&size=10 [32m204 [0m0.067 ms - 0[0m
[0mGET /products/search?channel=US_WEB&q=mug&from=0&size=10 [32m200 [0m7.237 ms - 3861[0m
[0mOPTIONS /products/search?channel=US_WEB&q=mug%20occa&from=0&size=10 [32m204 [0m0.094 ms - 0[0m
[0mGET /products/search?channel=US_WEB&q=mug%20occa&from=0&size=10 [32m200 [0m5.023 ms - 35[0m
[0mOPTIONS /products/search?channel=US_WEB&q=mug%20%22&from=0&size=10 [32m204 [0m0.075 ms - 0[0m
[0mGET /products/search?channel=US_WEB&q=mug%20%22&from=0&size=10 [32m200 [0m6.933 ms - 35[0m
[0mOPTIONS /products/search?channel=US_WEB&q=mug%20%22oc&from=0&size=10 [32m204 [0m0.066 ms - 0[0m
[0mGET /products/search?channel=US_WEB&q=mug%20%22oc&from=0&size=10 [32m200 [0m5.295 ms - 35[0m
[0mOPTIONS /products/search?channel=US_WEB&q=mug%20%22occ&from=0&size=10 [32m204 [0m0.070 ms - 0[0m
[0mGET /products/search?channel=US_WEB&q=mug%20%22occ&from=0&size=10 [32m200 [0m5.372 ms - 35[0m
[0mOPTIONS /products/search?channel=US_WEB&q=mug%20%22occa&from=0&size=10 [32m204 [0m0.086 ms - 0[0m
[0mGET /products/search?channel=US_WEB&q=mug%20%22occa&from=0&size=10 [32m200 [0m4.791 ms - 35[0m
[0mOPTIONS /products/search?channel=US_WEB&q=mug&from=0&size=10 [32m204 [0m0.098 ms - 0[0m
[0mGET /products/search?channel=US_WEB&q=mug&from=0&size=10 [32m200 [0m4.832 ms - 3861[0m
[0mOPTIONS /products/search?channel=US_WEB&q=mug%20%22&from=0&size=10 [32m204 [0m0.146 ms - 0[0m
[0mGET /products/search?channel=US_WEB&q=mug%20%22&from=0&size=10 [32m200 [0m6.449 ms - 35[0m
[0mOPTIONS /products/search?channel=US_WEB&q=mug%20&from=0&size=10 [32m204 [0m0.092 ms - 0[0m
[0mGET /products/search?channel=US_WEB&q=mug%20&from=0&size=10 [32m200 [0m4.597 ms - 35[0m
[0mOPTIONS /products/search?channel=US_WEB&q=mug%20oc&from=0&size=10 [32m204 [0m0.072 ms - 0[0m
[0mGET /products/search?channel=US_WEB&q=mug%20oc&from=0&size=10 [32m200 [0m3.113 ms - 35[0m
[0mOPTIONS /products/search?channel=US_WEB&q=mug&from=0&size=10 [32m204 [0m0.067 ms - 0[0m
[0mGET /products/search?channel=US_WEB&q=mug&from=0&size=10 [32m200 [0m5.981 ms - 3861[0m
[0mOPTIONS /products/search?channel=US_WEB&q=m&from=0&size=10 [32m204 [0m0.098 ms - 0[0m
[0mGET /products/search?channel=US_WEB&q=m&from=0&size=10 [32m200 [0m5.993 ms - 35[0m
[0mOPTIONS /products/search?channel=US_WEB&q=Boo&from=0&size=10 [32m204 [0m0.071 ms - 0[0m
[0mGET /products/search?channel=US_WEB&q=Boo&from=0&size=10 [32m200 [0m2.807 ms - 35[0m
[0mOPTIONS /products/search?channel=US_WEB&q=Book&from=0&size=10 [32m204 [0m0.211 ms - 0[0m
[0mGET /products/search?channel=US_WEB&q=Book&from=0&size=10 [32m200 [0m3.047 ms - 35[0m
[0mOPTIONS /products/search?channel=US_WEB&q=boo&from=0&size=10 [32m204 [0m0.074 ms - 0[0m
[0mGET /products/search?channel=US_WEB&q=boo&from=0&size=10 [32m200 [0m4.225 ms - 35[0m
[0mOPTIONS /products/search?channel=US_WEB&q=book&from=0&size=10 [32m204 [0m0.076 ms - 0[0m
[0mGET /products/search?channel=US_WEB&q=book&from=0&size=10 [32m200 [0m5.335 ms - 5204[0m
[0mOPTIONS /products/search?channel=US_WEB&q=Book&from=0&size=10 [32m204 [0m0.068 ms - 0[0m
[0mGET /products/search?channel=US_WEB&q=Book&from=0&size=10 [32m200 [0m5.680 ms - 35[0m
[0mOPTIONS /products/search?channel=US_WEB&q=book&from=0&size=10 [32m204 [0m0.095 ms - 0[0m
[0mGET /products/search?channel=US_WEB&q=book&from=0&size=10 [32m200 [0m6.181 ms - 5204[0m
[0mOPTIONS /products/search?channel=US_WEB&q=book%20&from=0&size=10 [32m204 [0m0.073 ms - 0[0m
[0mGET /products/search?channel=US_WEB&q=book%20&from=0&size=10 [32m200 [0m3.304 ms - 35[0m
[0mOPTIONS /products/search?channel=US_WEB&q=book%20%22&from=0&size=10 [32m204 [0m0.077 ms - 0[0m
[0mGET /products/search?channel=US_WEB&q=book%20%22&from=0&size=10 [32m200 [0m5.096 ms - 35[0m
[0mOPTIONS /products/search?channel=US_WEB&q=book%20&from=0&size=10 [32m204 [0m0.220 ms - 0[0m
[0mGET /products/search?channel=US_WEB&q=book%20&from=0&size=10 [32m200 [0m3.012 ms - 35[0m
[0mOPTIONS /products/search?channel=US_WEB&q=book&from=0&size=10 [32m204 [0m0.079 ms - 0[0m
[0mGET /products/search?channel=US_WEB&q=book&from=0&size=10 [32m200 [0m6.734 ms - 5204[0m
[0mOPTIONS /products/search?channel=US_WEB&q=rowe&from=0&size=10 [32m204 [0m0.111 ms - 0[0m
[0mGET /products/search?channel=US_WEB&q=rowe&from=0&size=10 [32m200 [0m5.223 ms - 35[0m
[0mOPTIONS /products/search?channel=US_WEB&q=rowena&from=0&size=10 [32m204 [0m0.093 ms - 0[0m
[0mGET /products/search?channel=US_WEB&q=rowena&from=0&size=10 [32m200 [0m3.703 ms - 483[0m
[0mOPTIONS /products/search?channel=US_WEB&q=mug&from=0&size=10 [32m204 [0m0.083 ms - 0[0m
[0mGET /products/search?channel=US_WEB&q=mug&from=0&size=10 [32m200 [0m3.123 ms - 3861[0m
[0mOPTIONS /products/search?channel=US_WEB&q=mug&from=0&size=10 [32m204 [0m0.129 ms - 0[0m
[0mGET /products/search?channel=US_WEB&q=mug&from=0&size=10 [32m200 [0m6.043 ms - 3861[0m
[0mOPTIONS /products/search?channel=US_WEB&q=mug%20l&from=0&size=10 [32m204 [0m0.065 ms - 0[0m
[0mGET /products/search?channel=US_WEB&q=mug%20l&from=0&size=10 [32m200 [0m5.194 ms - 35[0m
[0mOPTIONS /products/search?channel=US_WEB&q=mug%20lib&from=0&size=10 [32m204 [0m0.070 ms - 0[0m
[0mGET /products/search?channel=US_WEB&q=mug%20lib&from=0&size=10 [32m200 [0m5.405 ms - 35[0m
[0mOPTIONS /products/search?channel=US_WEB&q=l&from=0&size=10 [32m204 [0m0.112 ms - 0[0m
[0mGET /products/search?channel=US_WEB&q=l&from=0&size=10 [32m200 [0m5.722 ms - 35[0m
[0mOPTIONS /products/search?channel=US_WEB&q=libero&from=0&size=10 [32m204 [0m0.079 ms - 0[0m
[0mGET /products/search?channel=US_WEB&q=libero&from=0&size=10 [32m200 [0m6.250 ms - 417[0m
[0mOPTIONS /products/search?channel=US_WEB&q=l&from=0&size=10 [32m204 [0m0.070 ms - 0[0m
[0mGET /products/search?channel=US_WEB&q=l&from=0&size=10 [32m200 [0m5.377 ms - 35[0m
[0mOPTIONS /products/search?channel=US_WEB&q=mug&from=0&size=10 [32m204 [0m0.097 ms - 0[0m
[0mGET /products/search?channel=US_WEB&q=mug&from=0&size=10 [32m200 [0m11.644 ms - 3861[0m
[0mOPTIONS /products/search?channel=US_WEB&q=mug%20&from=0&size=10 [32m204 [0m0.230 ms - 0[0m
[0mGET /products/search?channel=US_WEB&q=mug%20&from=0&size=10 [32m200 [0m3.807 ms - 35[0m
[0mOPTIONS /products/search?channel=US_WEB&q=mug&from=0&size=10 [32m204 [0m0.095 ms - 0[0m
[0mGET /products/search?channel=US_WEB&q=mug&from=0&size=10 [32m200 [0m6.652 ms - 3861[0m
[0mOPTIONS /products/search?channel=US_WEB&q=mug+&from=0&size=10 [32m204 [0m0.071 ms - 0[0m
[0mGET /products/search?channel=US_WEB&q=mug+&from=0&size=10 [32m200 [0m6.345 ms - 35[0m
[0mOPTIONS /products/search?channel=US_WEB&q=mug&from=0&size=10 [32m204 [0m0.073 ms - 0[0m
[0mGET /products/search?channel=US_WEB&q=mug&from=0&size=10 [32m200 [0m7.907 ms - 3861[0m
[0mOPTIONS /products/search?channel=US_WEB&q=mug%20&from=0&size=10 [32m204 [0m0.068 ms - 0[0m
[0mGET /products/search?channel=US_WEB&q=mug%20&from=0&size=10 [32m200 [0m4.707 ms - 35[0m
[0mOPTIONS /products/search?channel=US_WEB&q=mug&from=0&size=10 [32m204 [0m0.582 ms - 0[0m
[0mGET /products/search?channel=US_WEB&q=mug&from=0&size=10 [32m200 [0m5.076 ms - 3861[0m
[0mOPTIONS /products/search?channel=US_WEB&q=mug%20&from=0&size=10 [32m204 [0m0.076 ms - 0[0m
[0mGET /products/search?channel=US_WEB&q=mug%20&from=0&size=10 [32m200 [0m3.122 ms - 35[0m
[0mOPTIONS /products/search?channel=US_WEB&q=mu&from=0&size=10 [32m204 [0m0.095 ms - 0[0m
[0mGET /products/search?channel=US_WEB&q=mu&from=0&size=10 [32m200 [0m5.886 ms - 35[0m
[0mOPTIONS /products/search?channel=US_WEB&q=mug&from=0&size=10 [32m204 [0m0.095 ms - 0[0m
[0mGET /products/search?channel=US_WEB&q=mug&from=0&size=10 [32m200 [0m7.089 ms - 3861[0m
[0mOPTIONS /products/search?channel=US_WEB&q=mug%20&from=0&size=10 [32m204 [0m0.069 ms - 0[0m
[0mGET /products/search?channel=US_WEB&q=mug%20&from=0&size=10 [32m200 [0m2.843 ms - 35[0m
[0mOPTIONS /products/search?channel=US_WEB&q=M&from=0&size=10 [32m204 [0m0.070 ms - 0[0m
[0mGET /products/search?channel=US_WEB&q=M&from=0&size=10 [32m200 [0m4.601 ms - 35[0m
[0mOPTIONS /products/search?channel=US_WEB&q=Mug&from=0&size=10 [32m204 [0m0.070 ms - 0[0m
[0mGET /products/search?channel=US_WEB&q=Mug&from=0&size=10 [32m200 [0m3.982 ms - 35[0m
[0mOPTIONS /products/search?channel=US_WEB&q=mug&from=0&size=10 [32m204 [0m0.085 ms - 0[0m
[0mGET /products/search?channel=US_WEB&q=mug&from=0&size=10 [32m200 [0m5.474 ms - 3861[0m
[0mOPTIONS /products/search?channel=US_WEB&q=book&from=0&size=10 [32m204 [0m0.091 ms - 0[0m
[0mGET /products/search?channel=US_WEB&q=book&from=0&size=10 [32m200 [0m7.449 ms - 5204[0m
[0mOPTIONS /products/search?channel=US_WEB&q=Book&from=0&size=10 [32m204 [0m0.100 ms - 0[0m
[0mGET /products/search?channel=US_WEB&q=Book&from=0&size=10 [32m200 [0m3.853 ms - 35[0m
[0mOPTIONS /products/search?channel=US_WEB&q=book&from=0&size=10 [32m204 [0m0.066 ms - 0[0m
[0mGET /products/search?channel=US_WEB&q=book&from=0&size=10 [32m200 [0m3.753 ms - 5204[0m
[0mOPTIONS /products/search?channel=US_WEB&q=book%20&from=0&size=10 [32m204 [0m0.081 ms - 0[0m
[0mGET /products/search?channel=US_WEB&q=book%20&from=0&size=10 [32m200 [0m4.590 ms - 35[0m
[0mOPTIONS /products/search?channel=US_WEB&q=book&from=0&size=10 [32m204 [0m0.080 ms - 0[0m
[0mGET /products/search?channel=US_WEB&q=book&from=0&size=10 [32m200 [0m4.836 ms - 5204[0m
[0mOPTIONS /products/search?channel=US_WEB&q=Bo&from=0&size=10 [32m204 [0m1.202 ms - 0[0m
[0mOPTIONS /products/search?channel=US_WEB&q=Boo&from=0&size=10 [32m204 [0m0.189 ms - 0[0m
[0mGET /products/search?channel=US_WEB&q=Bo&from=0&size=10 [0m- [0m- ms - -[0m
[0mGET /products/search?channel=US_WEB&q=Boo&from=0&size=10 [0m- [0m- ms - -[0m
[0mOPTIONS /products/search?channel=US_WEB&q=b&from=0&size=10 [32m204 [0m0.057 ms - 0[0m
[0mOPTIONS /products/search?channel=US_WEB&q=book&from=0&size=10 [32m204 [0m0.132 ms - 0[0m
[0mGET /products/search?channel=US_WEB&q=b&from=0&size=10 [0m- [0m- ms - -[0m
[0mGET /products/search?channel=US_WEB&q=book&from=0&size=10 [0m- [0m- ms - -[0m
[0mOPTIONS /products/search?channel=US_WEB&q=bo&from=0&size=10 [32m204 [0m0.137 ms - 0[0m
[0mGET /products/search?channel=US_WEB&q=bo&from=0&size=10 [0m- [0m- ms - -[0m
[0mOPTIONS /products/search?channel=US_WEB&q=boo&from=0&size=10 [32m204 [0m1.231 ms - 0[0m
[0mGET /products/search?channel=US_WEB&q=boo&from=0&size=10 [0m- [0m- ms - -[0m
[0mOPTIONS /products/search?channel=US_WEB&q=book&from=0&size=10 [32m204 [0m1.307 ms - 0[0m
[0mGET /products/search?channel=US_WEB&q=book&from=0&size=10 [0m- [0m- ms - -[0m
[0mOPTIONS /products/search?channel=US_WEB&q=B&from=0&size=10 [32m204 [0m2.801 ms - 0[0m
[0mGET /products/search?channel=US_WEB&q=B&from=0&size=10 [32m200 [0m8.292 ms - 35[0m
[0mOPTIONS /products/search?channel=US_WEB&q=Boo&from=0&size=10 [32m204 [0m0.146 ms - 0[0m
[0mGET /products/search?channel=US_WEB&q=Boo&from=0&size=10 [32m200 [0m7.010 ms - 35[0m
[0mOPTIONS /products/search?channel=US_WEB&q=Book&from=0&size=10 [32m204 [0m0.074 ms - 0[0m
[0mGET /products/search?channel=US_WEB&q=Book&from=0&size=10 [32m200 [0m7.712 ms - 5204[0m
[0mOPTIONS /products/search?channel=US_WEB&q=Bookni&from=0&size=10 [32m204 [0m0.058 ms - 0[0m
[0mGET /products/search?channel=US_WEB&q=Bookni&from=0&size=10 [32m200 [0m8.112 ms - 35[0m
[0mOPTIONS /products/search?channel=US_WEB&q=Book%20ni&from=0&size=10 [32m204 [0m0.060 ms - 0[0m
[0mGET /products/search?channel=US_WEB&q=Book%20ni&from=0&size=10 [32m200 [0m4.975 ms - 35[0m
[0mOPTIONS /products/search?channel=US_WEB&q=Book&from=0&size=10 [32m204 [0m0.069 ms - 0[0m
[0mGET /products/search?channel=US_WEB&q=Book&from=0&size=10 [32m200 [0m5.552 ms - 5204[0m
[0mOPTIONS /products/search?channel=US_WEB&q=Book%20gra&from=0&size=10 [32m204 [0m0.067 ms - 0[0m
[0mGET /products/search?channel=US_WEB&q=Book%20gra&from=0&size=10 [32m200 [0m4.663 ms - 35[0m
[0mOPTIONS /products/search?channel=US_WEB&q=Book%20grat&from=0&size=10 [32m204 [0m1.737 ms - 0[0m
[0mGET /products/search?channel=US_WEB&q=Book%20grat&from=0&size=10 [0m- [0m- ms - -[0m
[0mOPTIONS /products/search?channel=US_WEB&q=Book%20gra&from=0&size=10 [32m204 [0m0.153 ms - 0[0m
[0mGET /products/search?channel=US_WEB&q=Book%20gra&from=0&size=10 [0m- [0m- ms - -[0m
[0mGET /products/search?q=mug&channel=US_WEB&from=10&size=5 [32m200 [0m12.315 ms - 1564[0m
[0mOPTIONS /products/search?channel=US_WEB&q=Book%20gr&from=0&size=10 [32m204 [0m0.526 ms - 0[0m
[0mGET /products/search?channel=US_WEB&q=Book%20gr&from=0&size=10 [32m200 [0m36.431 ms - 5014[0m
[0mOPTIONS /products/search?channel=US_WEB&q=Book%20gra&from=0&size=10 [32m204 [0m0.148 ms - 0[0m
[0mGET /products/search?channel=US_WEB&q=Book%20gra&from=0&size=10 [32m200 [0m9.732 ms - 5014[0m
[0mOPTIONS /products/search?channel=US_WEB&q=Book%20graci&from=0&size=10 [32m204 [0m0.058 ms - 0[0m
[0mGET /products/search?channel=US_WEB&q=Book%20graci&from=0&size=10 [32m200 [0m5.892 ms - 5014[0m
[0mOPTIONS /products/search?channel=US_WEB&q=Book%20gracie&from=0&size=10 [32m204 [0m0.215 ms - 0[0m
[0mGET /products/search?channel=US_WEB&q=Book%20gracie&from=0&size=10 [32m200 [0m7.241 ms - 5013[0m
[0mOPTIONS /products/search?channel=US_WEB&q=b&from=0&size=10 [32m204 [0m1.476 ms - 0[0m
[0mGET /products/search?channel=US_WEB&q=b&from=0&size=10 [32m200 [0m5.598 ms - 35[0m
[0mOPTIONS /products/search?channel=US_WEB&q=boo&from=0&size=10 [32m204 [0m0.176 ms - 0[0m
[0mGET /products/search?channel=US_WEB&q=boo&from=0&size=10 [32m200 [0m3.249 ms - 35[0m
[0mOPTIONS /products/search?channel=US_WEB&q=book&from=0&size=10 [32m204 [0m0.075 ms - 0[0m
[0mGET /products/search?channel=US_WEB&q=book&from=0&size=10 [32m200 [0m6.275 ms - 5204[0m
[0mOPTIONS /products/search?channel=US_WEB&q=mug&from=0&size=10 [32m204 [0m0.076 ms - 0[0m
[0mGET /products/search?channel=US_WEB&q=mug&from=0&size=10 [32m200 [0m8.371 ms - 3861[0m
[0mOPTIONS /products/search?channel=US_WEB&q=mug&from=0&size=10 [32m204 [0m0.063 ms - 0[0m
[0mGET /products/search?channel=US_WEB&q=mug&from=0&size=10 [32m200 [0m11.518 ms - 3861[0m
[0mOPTIONS /products/search?channel=US_WEB&q=mug&from=0&size=10 [32m204 [0m0.107 ms - 0[0m
[0mGET /products/search?channel=US_WEB&q=mug&from=0&size=10 [32m200 [0m5.913 ms - 3861[0m
[0mOPTIONS /products/search?channel=US_WEB&q=mu&from=0&size=10 [32m204 [0m0.084 ms - 0[0m
[0mGET /products/search?channel=US_WEB&q=mu&from=0&size=10 [32m200 [0m5.124 ms - 35[0m
[0mOPTIONS /products/search?channel=US_WEB&q=mug&from=0&size=10 [32m204 [0m0.078 ms - 0[0m
[0mGET /products/search?channel=US_WEB&q=mug&from=0&size=10 [32m200 [0m3.048 ms - 3861[0m
[0mOPTIONS /products/search?channel=US_WEB&q=mug&from=0&size=10 [32m204 [0m1.467 ms - 0[0m
[0mGET /products/search?channel=US_WEB&q=mug&from=0&size=10 [32m200 [0m8.111 ms - 3861[0m
[0mOPTIONS /products/search?channel=US_WEB&q=mug&from=0&size=10 [32m204 [0m0.139 ms - 0[0m
[0mGET /products/search?channel=US_WEB&q=mug&from=0&size=10 [32m200 [0m6.215 ms - 3861[0m
[0mOPTIONS /products/search?channel=US_WEB&q=mug&from=0&size=10 [32m204 [0m0.212 ms - 0[0m
[0mGET /products/search?channel=US_WEB&q=mug&from=0&size=10 [32m200 [0m12.311 ms - 3861[0m
[0mOPTIONS /products/search?channel=US_WEB&q=mug&from=0&size=10 [32m204 [0m0.082 ms - 0[0m
[0mGET /products/search?channel=US_WEB&q=mug&from=0&size=10 [32m200 [0m3.357 ms - 3861[0m
[0mOPTIONS /products/search?channel=US_WEB&q=mug&from=0&size=10 [32m204 [0m0.060 ms - 0[0m
[0mGET /products/search?channel=US_WEB&q=mug&from=0&size=10 [32m200 [0m4.060 ms - 3861[0m
[0mOPTIONS /products/search?channel=US_WEB&q=mug&from=0&size=10 [32m204 [0m0.092 ms - 0[0m
[0mGET /products/search?channel=US_WEB&q=mug&from=0&size=10 [32m200 [0m9.082 ms - 3861[0m
[0mOPTIONS /products/search?channel=US_WEB&q=mug&from=0&size=10 [32m204 [0m0.061 ms - 0[0m
[0mGET /products/search?channel=US_WEB&q=mug&from=0&size=10 [32m200 [0m5.605 ms - 3861[0m
[0mOPTIONS /products/search?channel=US_WEB&q=mug&from=0&size=10 [32m204 [0m0.059 ms - 0[0m
[0mGET /products/search?channel=US_WEB&q=mug&from=0&size=10 [32m200 [0m6.562 ms - 3861[0m
[0mOPTIONS /products/search?channel=US_WEB&q=mug&from=0&size=10 [32m204 [0m0.066 ms - 0[0m
[0mGET /products/search?channel=US_WEB&q=mug&from=0&size=10 [32m200 [0m4.408 ms - 3861[0m
[0mOPTIONS /products/search?channel=US_WEB&q=mug&from=0&size=10 [32m204 [0m0.086 ms - 0[0m
[0mGET /products/search?channel=US_WEB&q=mug&from=0&size=10 [32m200 [0m6.389 ms - 3861[0m
[0mOPTIONS /products/search?channel=US_WEB&q=mug&from=0&size=10 [32m204 [0m0.060 ms - 0[0m
[0mGET /products/search?channel=US_WEB&q=mug&from=0&size=10 [32m200 [0m4.990 ms - 3861[0m
[0mOPTIONS /products/search?channel=US_WEB&q=e&from=0&size=10 [32m204 [0m0.064 ms - 0[0m
[0mGET /products/search?channel=US_WEB&q=e&from=0&size=10 [32m200 [0m3.476 ms - 35[0m
[0mOPTIONS /products/search?channel=US_WEB&q=ee&from=0&size=10 [32m204 [0m0.064 ms - 0[0m
[0mGET /products/search?channel=US_WEB&q=ee&from=0&size=10 [32m200 [0m3.636 ms - 35[0m
[0mOPTIONS /products/search?channel=US_WEB&q=mug&from=0&size=10 [32m204 [0m0.084 ms - 0[0m
[0mGET /products/search?channel=US_WEB&q=mug&from=0&size=10 [32m200 [0m5.931 ms - 3861[0m
[0mOPTIONS /products/search?channel=US_WEB&q=mug&from=0&size=10 [32m204 [0m0.063 ms - 0[0m
[0mGET /products/search?channel=US_WEB&q=mug&from=0&size=10 [32m200 [0m4.141 ms - 3861[0m
[0mOPTIONS /products/search?channel=US_WEB&q=mug&from=0&size=10 [32m204 [0m0.063 ms - 0[0m
[0mGET /products/search?channel=US_WEB&q=mug&from=0&size=10 [32m200 [0m8.944 ms - 3861[0m
[0mOPTIONS /products/search?channel=US_WEB&q=mug&from=0&size=10 [32m204 [0m0.063 ms - 0[0m
[0mGET /products/search?channel=US_WEB&q=mug&from=0&size=10 [32m200 [0m4.865 ms - 3861[0m
[0mOPTIONS /products/search?channel=US_WEB&q=mug&from=0&size=10 [32m204 [0m0.086 ms - 0[0m
[0mGET /products/search?channel=US_WEB&q=mug&from=0&size=10 [32m200 [0m3.247 ms - 3861[0m
[0mOPTIONS /products/search?channel=US_WEB&q=mug&from=0&size=10 [32m204 [0m0.082 ms - 0[0m
[0mGET /products/search?channel=US_WEB&q=mug&from=0&size=10 [32m200 [0m3.866 ms - 3861[0m
[0mOPTIONS /products/search?channel=US_WEB&q=mug&from=0&size=10 [32m204 [0m0.087 ms - 0[0m
[0mGET /products/search?channel=US_WEB&q=mug&from=0&size=10 [32m200 [0m4.633 ms - 3861[0m
[0mOPTIONS /products/search?channel=US_WEB&q=mug&from=0&size=10 [32m204 [0m0.061 ms - 0[0m
[0mGET /products/search?channel=US_WEB&q=mug&from=0&size=10 [32m200 [0m5.162 ms - 3861[0m
[0mOPTIONS /products/search?channel=US_WEB&q=mug&from=0&size=10 [32m204 [0m0.061 ms - 0[0m
[0mGET /products/search?channel=US_WEB&q=mug&from=0&size=10 [32m200 [0m7.363 ms - 3861[0m
[0mOPTIONS /products/search?channel=US_WEB&q=mug&from=0&size=10 [32m204 [0m0.091 ms - 0[0m
[0mGET /products/search?channel=US_WEB&q=mug&from=0&size=10 [32m200 [0m4.119 ms - 3861[0m
[0mOPTIONS /products/search?channel=US_WEB&q=mug&from=0&size=10 [32m204 [0m0.085 ms - 0[0m
[0mGET /products/search?channel=US_WEB&q=mug&from=0&size=10 [32m200 [0m3.400 ms - 3861[0m
[0mOPTIONS /products/search?channel=US_WEB&q=mug&from=0&size=10 [32m204 [0m0.064 ms - 0[0m
[0mGET /products/search?channel=US_WEB&q=mug&from=0&size=10 [32m200 [0m4.895 ms - 3861[0m
